# JRE version: OpenJDK Runtime Environment (8.0_112-b06) (build 1.8.0_112-release-b06)
# Java VM: OpenJDK 64-Bit Server VM (25.112-b06 mixed mode windows-amd64 compressed oops)
Heap:
 PSYoungGen      total 164864K, used 94447K [0x00000000e0000000, 0x00000000ed480000, 0x0000000100000000)
  eden space 146944K, 62% used [0x00000000e0000000,0x00000000e59b2588,0x00000000e8f80000)
  from space 17920K, 14% used [0x00000000e8f80000,0x00000000e9209980,0x00000000ea100000)
  to   space 17920K, 0% used [0x00000000ec300000,0x00000000ec300000,0x00000000ed480000)
 ParOldGen       total 96768K, used 56281K [0x00000000a0000000, 0x00000000a5e80000, 0x00000000e0000000)
  object space 96768K, 58% used [0x00000000a0000000,0x00000000a36f6780,0x00000000a5e80000)
 Metaspace       used 63677K, capacity 65762K, committed 66048K, reserved 1105920K
  class space    used 8232K, capacity 8666K, committed 8704K, reserved 1048576K
GC Heap History (10 events):
Event: 47.013 GC heap before
{Heap before GC invocations=20 (full 2):
 PSYoungGen      total 117760K, used 88090K [0x00000000e0000000, 0x00000000e9a00000, 0x0000000100000000)
  eden space 108544K, 72% used [0x00000000e0000000,0x00000000e4d0ea08,0x00000000e6a00000)
  from space 9216K, 99% used [0x00000000e6a00000,0x00000000e72f8010,0x00000000e7300000)
  to   space 13312K, 0% used [0x00000000e8d00000,0x00000000e8d00000,0x00000000e9a00000)
 ParOldGen       total 49152K, used 31431K [0x00000000a0000000, 0x00000000a3000000, 0x00000000e0000000)
  object space 49152K, 63% used [0x00000000a0000000,0x00000000a1eb1e88,0x00000000a3000000)
 Metaspace       used 57424K, capacity 59106K, committed 59160K, reserved 1099776K
  class space    used 7680K, capacity 8036K, committed 8064K, reserved 1048576K
Event: 47.064 GC heap after
Heap after GC invocations=20 (full 2):
 PSYoungGen      total 139264K, used 13307K [0x00000000e0000000, 0x00000000ea280000, 0x0000000100000000)
  eden space 125952K, 0% used [0x00000000e0000000,0x00000000e0000000,0x00000000e7b00000)
  from space 13312K, 99% used [0x00000000e8d00000,0x00000000e99feec8,0x00000000e9a00000)
  to   space 18432K, 0% used [0x00000000e7b00000,0x00000000e7b00000,0x00000000e8d00000)
 ParOldGen       total 49152K, used 40169K [0x00000000a0000000, 0x00000000a3000000, 0x00000000e0000000)
  object space 49152K, 81% used [0x00000000a0000000,0x00000000a273a4f8,0x00000000a3000000)
 Metaspace       used 57424K, capacity 59106K, committed 59160K, reserved 1099776K
  class space    used 7680K, capacity 8036K, committed 8064K, reserved 1048576K
}
Event: 47.064 GC heap before
{Heap before GC invocations=21 (full 3):
 PSYoungGen      total 139264K, used 13307K [0x00000000e0000000, 0x00000000ea280000, 0x0000000100000000)
  eden space 125952K, 0% used [0x00000000e0000000,0x00000000e0000000,0x00000000e7b00000)
  from space 13312K, 99% used [0x00000000e8d00000,0x00000000e99feec8,0x00000000e9a00000)
  to   space 18432K, 0% used [0x00000000e7b00000,0x00000000e7b00000,0x00000000e8d00000)
 ParOldGen       total 49152K, used 40169K [0x00000000a0000000, 0x00000000a3000000, 0x00000000e0000000)
  object space 49152K, 81% used [0x00000000a0000000,0x00000000a273a4f8,0x00000000a3000000)
 Metaspace       used 57424K, capacity 59106K, committed 59160K, reserved 1099776K
  class space    used 7680K, capacity 8036K, committed 8064K, reserved 1048576K
Event: 47.550 GC heap after
Heap after GC invocations=21 (full 3):
 PSYoungGen      total 139264K, used 0K [0x00000000e0000000, 0x00000000ea280000, 0x0000000100000000)
  eden space 125952K, 0% used [0x00000000e0000000,0x00000000e0000000,0x00000000e7b00000)
  from space 13312K, 0% used [0x00000000e8d00000,0x00000000e8d00000,0x00000000e9a00000)
  to   space 18432K, 0% used [0x00000000e7b00000,0x00000000e7b00000,0x00000000e8d00000)
 ParOldGen       total 96768K, used 47808K [0x00000000a0000000, 0x00000000a5e80000, 0x00000000e0000000)
  object space 96768K, 49% used [0x00000000a0000000,0x00000000a2eb0168,0x00000000a5e80000)
 Metaspace       used 57422K, capacity 59100K, committed 59160K, reserved 1099776K
  class space    used 7680K, capacity 8035K, committed 8064K, reserved 1048576K
}
Event: 65.892 GC heap before
{Heap before GC invocations=22 (full 3):
 PSYoungGen      total 139264K, used 125952K [0x00000000e0000000, 0x00000000ea280000, 0x0000000100000000)
  eden space 125952K, 100% used [0x00000000e0000000,0x00000000e7b00000,0x00000000e7b00000)
  from space 13312K, 0% used [0x00000000e8d00000,0x00000000e8d00000,0x00000000e9a00000)
  to   space 18432K, 0% used [0x00000000e7b00000,0x00000000e7b00000,0x00000000e8d00000)
 ParOldGen       total 96768K, used 47808K [0x00000000a0000000, 0x00000000a5e80000, 0x00000000e0000000)
  object space 96768K, 49% used [0x00000000a0000000,0x00000000a2eb0168,0x00000000a5e80000)
 Metaspace       used 59347K, capacity 61112K, committed 61312K, reserved 1101824K
  class space    used 7830K, capacity 8229K, committed 8320K, reserved 1048576K
Event: 65.943 GC heap after
Heap after GC invocations=22 (full 3):
 PSYoungGen      total 144384K, used 10589K [0x00000000e0000000, 0x00000000eb300000, 0x0000000100000000)
  eden space 125952K, 0% used [0x00000000e0000000,0x00000000e0000000,0x00000000e7b00000)
  from space 18432K, 57% used [0x00000000e7b00000,0x00000000e8557448,0x00000000e8d00000)
  to   space 18432K, 0% used [0x00000000ea100000,0x00000000ea100000,0x00000000eb300000)
 ParOldGen       total 96768K, used 47816K [0x00000000a0000000, 0x00000000a5e80000, 0x00000000e0000000)
  object space 96768K, 49% used [0x00000000a0000000,0x00000000a2eb2168,0x00000000a5e80000)
 Metaspace       used 59347K, capacity 61112K, committed 61312K, reserved 1101824K
  class space    used 7830K, capacity 8229K, committed 8320K, reserved 1048576K
}
Event: 66.197 GC heap before
{Heap before GC invocations=23 (full 3):
 PSYoungGen      total 144384K, used 136231K [0x00000000e0000000, 0x00000000eb300000, 0x0000000100000000)
  eden space 125952K, 99% used [0x00000000e0000000,0x00000000e7ab28f8,0x00000000e7b00000)
  from space 18432K, 57% used [0x00000000e7b00000,0x00000000e8557448,0x00000000e8d00000)
  to   space 18432K, 0% used [0x00000000ea100000,0x00000000ea100000,0x00000000eb300000)
 ParOldGen       total 96768K, used 47816K [0x00000000a0000000, 0x00000000a5e80000, 0x00000000e0000000)
  object space 96768K, 49% used [0x00000000a0000000,0x00000000a2eb2168,0x00000000a5e80000)
 Metaspace       used 59565K, capacity 61470K, committed 61568K, reserved 1101824K
  class space    used 7871K, capacity 8292K, committed 8320K, reserved 1048576K
Event: 66.216 GC heap after
Heap after GC invocations=23 (full 3):
 PSYoungGen      total 165376K, used 9378K [0x00000000e0000000, 0x00000000ebc80000, 0x0000000100000000)
  eden space 146944K, 0% used [0x00000000e0000000,0x00000000e0000000,0x00000000e8f80000)
  from space 18432K, 50% used [0x00000000ea100000,0x00000000eaa289c0,0x00000000eb300000)
  to   space 17920K, 0% used [0x00000000e8f80000,0x00000000e8f80000,0x00000000ea100000)
 ParOldGen       total 96768K, used 47824K [0x00000000a0000000, 0x00000000a5e80000, 0x00000000e0000000)
  object space 96768K, 49% used [0x00000000a0000000,0x00000000a2eb4168,0x00000000a5e80000)
 Metaspace       used 59565K, capacity 61470K, committed 61568K, reserved 1101824K
  class space    used 7871K, capacity 8292K, committed 8320K, reserved 1048576K
}
Event: 75.699 GC heap before
{Heap before GC invocations=24 (full 3):
 PSYoungGen      total 165376K, used 156322K [0x00000000e0000000, 0x00000000ebc80000, 0x0000000100000000)
  eden space 146944K, 100% used [0x00000000e0000000,0x00000000e8f80000,0x00000000e8f80000)
  from space 18432K, 50% used [0x00000000ea100000,0x00000000eaa289c0,0x00000000eb300000)
  to   space 17920K, 0% used [0x00000000e8f80000,0x00000000e8f80000,0x00000000ea100000)
 ParOldGen       total 96768K, used 47824K [0x00000000a0000000, 0x00000000a5e80000, 0x00000000e0000000)
  object space 96768K, 49% used [0x00000000a0000000,0x00000000a2eb4168,0x00000000a5e80000)
 Metaspace       used 60898K, capacity 62860K, committed 62976K, reserved 1103872K
  class space    used 7984K, capacity 8395K, committed 8448K, reserved 1048576K
Event: 75.841 GC heap after
Heap after GC invocations=24 (full 3):
 PSYoungGen      total 164864K, used 2598K [0x00000000e0000000, 0x00000000ed480000, 0x0000000100000000)
  eden space 146944K, 0% used [0x00000000e0000000,0x00000000e0000000,0x00000000e8f80000)
  from space 17920K, 14% used [0x00000000e8f80000,0x00000000e9209980,0x00000000ea100000)
  to   space 17920K, 0% used [0x00000000ec300000,0x00000000ec300000,0x00000000ed480000)
 ParOldGen       total 96768K, used 56281K [0x00000000a0000000, 0x00000000a5e80000, 0x00000000e0000000)
  object space 96768K, 58% used [0x00000000a0000000,0x00000000a36f6780,0x00000000a5e80000)
 Metaspace       used 60898K, capacity 62860K, committed 62976K, reserved 1103872K
  class space    used 7984K, capacity 8395K, committed 8448K, reserved 1048576K
}

